\BOOKMARK [0][-]{figure.caption.1}{\376\377\000D\000A\000F\000T\000A\000R\000\040\000G\000A\000M\000B\000A\000R}{}% 1
\BOOKMARK [0][-]{figure.caption.1}{\376\377\000D\000A\000F\000T\000A\000R\000\040\000T\000A\000B\000E\000L}{}% 2
\BOOKMARK [0][-]{chapter.1}{\376\377\000P\000E\000N\000D\000A\000H\000U\000L\000U\000A\000N}{}% 3
\BOOKMARK [1][-]{section.1.1}{\376\377\000L\000a\000t\000a\000r\000\040\000B\000e\000l\000a\000k\000a\000n\000g}{chapter.1}% 4
\BOOKMARK [1][-]{section.1.2}{\376\377\000R\000u\000m\000u\000s\000a\000n\000\040\000M\000a\000s\000a\000l\000a\000h}{chapter.1}% 5
\BOOKMARK [1][-]{section.1.3}{\376\377\000T\000u\000j\000u\000a\000n}{chapter.1}% 6
\BOOKMARK [1][-]{section.1.4}{\376\377\000B\000a\000t\000a\000s\000a\000n\000\040\000M\000a\000s\000a\000l\000a\000h}{chapter.1}% 7
\BOOKMARK [1][-]{section.1.5}{\376\377\000M\000e\000t\000o\000d\000o\000l\000o\000g\000i}{chapter.1}% 8
\BOOKMARK [0][-]{chapter.2}{\376\377\000S\000T\000U\000D\000I\000\040\000L\000I\000T\000E\000R\000A\000T\000U\000R}{}% 9
\BOOKMARK [1][-]{section.2.1}{\376\377\000D\000e\000s\000a\000i\000n\000\040\000I\000n\000t\000e\000r\000a\000k\000s\000i}{chapter.2}% 10
\BOOKMARK [2][-]{subsection.2.1.1}{\376\377\000P\000r\000i\000n\000s\000i\000p\000-\000P\000r\000i\000n\000s\000i\000p\000\040\000D\000e\000s\000a\000i\000n\000\040\000I\000n\000t\000e\000r\000a\000k\000s\000i}{section.2.1}% 11
\BOOKMARK [2][-]{subsection.2.1.2}{\376\377\000T\000i\000p\000e\000\040\000I\000n\000t\000e\000r\000a\000k\000s\000i}{section.2.1}% 12
\BOOKMARK [1][-]{section.2.2}{\376\377\000U\000s\000e\000r\000\040\000E\000x\000p\000e\000r\000i\000e\000n\000c\000e}{chapter.2}% 13
\BOOKMARK [2][-]{subsection.2.2.1}{\376\377\000M\000o\000d\000e\000l\000\040\000U\000X\000\040\000G\000a\000r\000r\000e\000t\000t}{section.2.2}% 14
\BOOKMARK [2][-]{subsection.2.2.2}{\376\377\000U\000s\000e\000r\000\040\000E\000x\000p\000e\000r\000i\000e\000n\000c\000e\000\040\000G\000o\000a\000l\000s}{section.2.2}% 15
\BOOKMARK [1][-]{section.2.3}{\376\377\000U\000s\000a\000b\000i\000l\000i\000t\000y}{chapter.2}% 16
\BOOKMARK [2][-]{subsection.2.3.1}{\376\377\000U\000s\000a\000b\000i\000l\000i\000t\000y\000\040\000G\000o\000a\000l\000s}{section.2.3}% 17
\BOOKMARK [2][-]{subsection.2.3.2}{\376\377\000U\000s\000a\000b\000i\000l\000i\000t\000y\000\040\000T\000e\000s\000t\000i\000n\000g}{section.2.3}% 18
\BOOKMARK [3][-]{subsubsection.2.3.2.1}{\376\377\000S\000i\000n\000g\000l\000e\000\040\000E\000a\000s\000e\000\040\000Q\000u\000e\000s\000t\000i\000o\000n\000\040\000\050\000S\000E\000Q\000\051}{subsection.2.3.2}% 19
\BOOKMARK [3][-]{subsubsection.2.3.2.2}{\376\377\000S\000y\000s\000t\000e\000m\000\040\000U\000s\000a\000b\000i\000l\000i\000t\000y\000\040\000S\000c\000a\000l\000e\000\040\000\050\000S\000U\000S\000\051}{subsection.2.3.2}% 20
\BOOKMARK [3][-]{subsubsection.2.3.2.3}{\376\377\000T\000a\000s\000k\000\040\000C\000o\000m\000p\000l\000e\000t\000i\000o\000n\000\040\000T\000i\000m\000e\000\040\000\050\000T\000C\000T\000\051}{subsection.2.3.2}% 21
\BOOKMARK [1][-]{section.2.4}{\376\377\000A\000s\000p\000e\000k\000\040\000K\000o\000g\000n\000i\000t\000i\000f\000\040\000d\000a\000l\000a\000m\000\040\000H\000u\000m\000a\000n\000\040\000C\000o\000m\000p\000u\000t\000e\000r\000\040\000I\000n\000t\000e\000r\000a\000c\000t\000i\000o\000n\000\040\000\050\000H\000C\000I\000\051}{chapter.2}% 22
\BOOKMARK [2][-]{subsection.2.4.1}{\376\377\000C\000o\000g\000n\000i\000t\000i\000v\000e\000\040\000L\000o\000a\000d\000\040\000T\000h\000e\000o\000r\000y\000\040\000\050\000C\000L\000T\000\051}{section.2.4}% 23
\BOOKMARK [2][-]{subsection.2.4.2}{\376\377\000P\000e\000n\000g\000u\000k\000u\000r\000a\000n\000\040\000C\000o\000g\000n\000i\000t\000i\000v\000e\000\040\000L\000o\000a\000d}{section.2.4}% 24
\BOOKMARK [3][-]{subsubsection.2.4.2.1}{\376\377\000N\000A\000S\000A\000\040\000T\000a\000s\000k\000\040\000L\000o\000a\000d\000\040\000I\000n\000d\000e\000x\000\040\000\050\000N\000A\000S\000A\000-\000T\000L\000X\000\051}{subsection.2.4.2}% 25
\BOOKMARK [3][-]{subsubsection.2.4.2.2}{\376\377\000T\000a\000s\000k\000\040\000P\000e\000r\000f\000o\000r\000m\000a\000n\000c\000e}{subsection.2.4.2}% 26
\BOOKMARK [1][-]{section.2.5}{\376\377\000O\000n\000l\000i\000n\000e\000\040\000T\000r\000a\000v\000e\000l\000\040\000A\000g\000e\000n\000c\000y\000\040\000\050\000O\000T\000A\000\051}{chapter.2}% 27
\BOOKMARK [1][-]{section.2.6}{\376\377\000P\000e\000r\000e\000n\000c\000a\000n\000a\000a\000n\000\040\000P\000e\000r\000j\000a\000l\000a\000n\000a\000n}{chapter.2}% 28
\BOOKMARK [2][-]{subsection.2.6.1}{\376\377\000M\000o\000d\000e\000l\000\040\000P\000e\000n\000g\000a\000l\000a\000m\000a\000n\000\040\000W\000i\000s\000a\000t\000a}{section.2.6}% 29
\BOOKMARK [2][-]{subsection.2.6.2}{\376\377\000T\000a\000h\000a\000p\000a\000n\000\040\000P\000e\000r\000j\000a\000l\000a\000n\000a\000n\000\040\000M\000o\000d\000e\000r\000n}{section.2.6}% 30
\BOOKMARK [2][-]{subsection.2.6.3}{\376\377\000T\000r\000a\000v\000e\000l\000\040\000C\000o\000n\000s\000t\000r\000a\000i\000n\000t\000s}{section.2.6}% 31
\BOOKMARK [1][-]{section.2.7}{\376\377\000P\000e\000n\000e\000l\000i\000t\000i\000a\000n\000\040\000T\000e\000r\000d\000a\000h\000u\000l\000u}{chapter.2}% 32
\BOOKMARK [0][-]{chapter.3}{\376\377\000A\000N\000A\000L\000I\000S\000I\000S\000\040\000M\000A\000S\000A\000L\000A\000H}{}% 33
\BOOKMARK [1][-]{section.3.1}{\376\377\000A\000n\000a\000l\000i\000s\000i\000s\000\040\000K\000o\000n\000d\000i\000s\000i\000\040\000S\000a\000a\000t\000\040\000I\000n\000i}{chapter.3}% 34
\BOOKMARK [1][-]{section.3.2}{\376\377\000A\000n\000a\000l\000i\000s\000i\000s\000\040\000K\000e\000b\000u\000t\000u\000h\000a\000n}{chapter.3}% 35
\BOOKMARK [2][-]{subsection.3.2.1}{\376\377\000I\000d\000e\000n\000t\000i\000f\000i\000k\000a\000s\000i\000\040\000M\000a\000s\000a\000l\000a\000h\000\040\000P\000e\000n\000g\000g\000u\000n\000a}{section.3.2}% 36
\BOOKMARK [2][-]{subsection.3.2.2}{\376\377\000K\000e\000b\000u\000t\000u\000h\000a\000n\000\040\000F\000u\000n\000g\000s\000i\000o\000n\000a\000l}{section.3.2}% 37
\BOOKMARK [2][-]{subsection.3.2.3}{\376\377\000K\000e\000b\000u\000t\000u\000h\000a\000n\000\040\000N\000o\000n\000f\000u\000n\000g\000s\000i\000o\000n\000a\000l}{section.3.2}% 38
\BOOKMARK [1][-]{section.3.3}{\376\377\000A\000n\000a\000l\000i\000s\000i\000s\000\040\000P\000e\000m\000i\000l\000i\000h\000a\000n\000\040\000S\000o\000l\000u\000s\000i}{chapter.3}% 39
\BOOKMARK [2][-]{subsection.3.3.1}{\376\377\000A\000l\000t\000e\000r\000n\000a\000t\000i\000f\000\040\000S\000o\000l\000u\000s\000i}{section.3.3}% 40
\BOOKMARK [2][-]{subsection.3.3.2}{\376\377\000A\000n\000a\000l\000i\000s\000i\000s\000\040\000P\000e\000n\000e\000n\000t\000u\000a\000n\000\040\000S\000o\000l\000u\000s\000i}{section.3.3}% 41
\BOOKMARK [0][-]{chapter.4}{\376\377\000D\000E\000S\000A\000I\000N\000\040\000K\000O\000N\000S\000E\000P\000\040\000S\000O\000L\000U\000S\000I}{}% 42
\BOOKMARK [1][-]{section.4.1}{\376\377\000K\000o\000n\000s\000e\000p\000\040\000S\000o\000l\000u\000s\000i}{chapter.4}% 43
\BOOKMARK [1][-]{section.4.2}{\376\377\000D\000i\000a\000g\000r\000a\000m\000\040\000K\000o\000n\000s\000e\000p\000t\000u\000a\000l\000\040\000S\000o\000l\000u\000s\000i}{chapter.4}% 44
\BOOKMARK [2][-]{subsection.4.2.1}{\376\377\000S\000i\000s\000t\000e\000m\000\040\000A\000s\000-\000I\000s}{section.4.2}% 45
\BOOKMARK [2][-]{subsection.4.2.2}{\376\377\000S\000i\000s\000t\000e\000m\000\040\000T\000o\000-\000B\000e}{section.4.2}% 46
\BOOKMARK [2][-]{subsection.4.2.3}{\376\377\000P\000e\000r\000b\000a\000n\000d\000i\000n\000g\000a\000n\000\040\000S\000i\000s\000t\000e\000m\000\040\000A\000s\000-\000I\000s\000\040\000d\000a\000n\000\040\000T\000o\000-\000B\000e}{section.4.2}% 47
\BOOKMARK [1][-]{section.4.3}{\376\377\000E\000k\000s\000p\000l\000o\000r\000a\000s\000i\000\040\000D\000e\000s\000a\000i\000n\000\040\000d\000a\000n\000\040\000B\000e\000n\000c\000h\000m\000a\000r\000k\000i\000n\000g}{chapter.4}% 48
\BOOKMARK [2][-]{subsection.4.3.1}{\376\377\000A\000n\000a\000l\000i\000s\000i\000s\000\040\000A\000n\000t\000a\000r\000m\000u\000k\000a\000\040\000A\000p\000l\000i\000k\000a\000s\000i\000\040\000O\000n\000l\000i\000n\000e\000\040\000T\000r\000a\000v\000e\000l\000\040\000A\000g\000e\000n\000c\000y}{section.4.3}% 49
\BOOKMARK [2][-]{subsection.4.3.2}{\376\377\000A\000n\000a\000l\000i\000s\000i\000s\000\040\000A\000n\000t\000a\000r\000m\000u\000k\000a\000\040\000W\000a\000n\000d\000e\000r\000l\000o\000g}{section.4.3}% 50
\BOOKMARK [2][-]{subsection.4.3.3}{\376\377\000A\000n\000a\000l\000i\000s\000i\000s\000\040\000A\000n\000t\000a\000r\000m\000u\000k\000a\000\040\000T\000r\000i\000p\000A\000d\000v\000i\000s\000o\000r}{section.4.3}% 51
\BOOKMARK [0][-]{chapter.5}{\376\377\000R\000E\000N\000C\000A\000N\000A\000\040\000S\000E\000L\000A\000N\000J\000U\000T\000N\000Y\000A}{}% 52
\BOOKMARK [1][-]{section.5.1}{\376\377\000R\000e\000n\000c\000a\000n\000a\000\040\000I\000m\000p\000l\000e\000m\000e\000n\000t\000a\000s\000i\000\040\000D\000e\000s\000a\000i\000n}{chapter.5}% 53
\BOOKMARK [1][-]{section.5.2}{\376\377\000R\000e\000n\000c\000a\000n\000a\000\040\000E\000v\000a\000l\000u\000a\000s\000i\000\040\000D\000e\000s\000a\000i\000n}{chapter.5}% 54
\BOOKMARK [2][-]{subsection.5.2.1}{\376\377\000M\000e\000t\000o\000d\000e\000\040\000P\000e\000n\000g\000u\000j\000i\000a\000n}{section.5.2}% 55
\BOOKMARK [2][-]{subsection.5.2.2}{\376\377\000I\000n\000s\000t\000r\000u\000m\000e\000n\000\040\000P\000e\000n\000i\000l\000a\000i\000a\000n}{section.5.2}% 56
\BOOKMARK [2][-]{subsection.5.2.3}{\376\377\000K\000r\000i\000t\000e\000r\000i\000a\000\040\000K\000e\000b\000e\000r\000h\000a\000s\000i\000l\000a\000n}{section.5.2}% 57
\BOOKMARK [1][-]{section.5.3}{\376\377\000A\000n\000a\000l\000i\000s\000i\000s\000\040\000R\000i\000s\000i\000k\000o}{chapter.5}% 58
\BOOKMARK [0][-]{appendix*.11}{\376\377\000L\000A\000M\000P\000I\000R\000A\000N\000\040\000A\000.\000\040\000H\000A\000S\000I\000L\000\040\000S\000U\000R\000V\000E\000I}{}% 59
\BOOKMARK [0][-]{appendix*.24}{\376\377\000L\000A\000M\000P\000I\000R\000A\000N\000\040\000B\000:\000\040\000H\000A\000S\000I\000L\000\040\000E\000K\000S\000P\000L\000O\000R\000A\000S\000I\000\040\000D\000E\000S\000A\000I\000N\000\040\000D\000A\000N\000\040\000B\000E\000N\000C\000H\000M\000A\000R\000K\000I\000N\000G}{}% 60
